<?xml version="1.0" encoding="UTF-8"?>
<!-- Generated by org.testng.reporters.JUnitXMLReporter -->
<testsuite hostname="user-PC" ignored="1" name="Test" tests="3" failures="0" timestamp="07 Feb 2018 18:27:49 GMT" time="0.038" errors="0">
  <testcase name="elementsUi" time="0.006" classname="com.mycompany.app.SeleniumTest"/>
  <testcase name="mobbrowserAutomation" time="0.0" classname="com.mycompany.app.AppiumTest"/>
  <testcase name="mobelementsUi" time="0.0" classname="com.mycompany.app.AppiumTest"/>
  <testcase name="browserAutomation" time="0.0" classname="com.mycompany.app.SeleniumTest">
    <ignored/>
  </testcase> <!-- browserAutomation -->
</testsuite> <!-- Test -->
