<?xml version="1.0" encoding="UTF-8"?>
<testng-results skipped="0" failed="0" ignored="1" total="4" passed="3">
  <reporter-output>
  </reporter-output>
  <suite name="Suite" duration-ms="38" started-at="2018-02-07T18:27:49Z" finished-at="2018-02-07T18:27:49Z">
    <groups>
    </groups>
    <test name="Test" duration-ms="38" started-at="2018-02-07T18:27:49Z" finished-at="2018-02-07T18:27:49Z">
      <class name="com.mycompany.app.SeleniumTest">
        <test-method status="PASS" signature="elementsUi()[pri:0, instance:com.mycompany.app.SeleniumTest@6b2fad11]" name="elementsUi" duration-ms="6" started-at="2018-02-07T18:27:49Z" finished-at="2018-02-07T18:27:49Z">
          <reporter-output>
          </reporter-output>
        </test-method> <!-- elementsUi -->
      </class> <!-- com.mycompany.app.SeleniumTest -->
      <class name="com.mycompany.app.AppiumTest">
        <test-method status="PASS" signature="mobbrowserAutomation()[pri:0, instance:com.mycompany.app.AppiumTest@2ed94a8b]" name="mobbrowserAutomation" duration-ms="0" started-at="2018-02-07T18:27:49Z" finished-at="2018-02-07T18:27:49Z">
          <reporter-output>
          </reporter-output>
        </test-method> <!-- mobbrowserAutomation -->
        <test-method status="PASS" signature="mobelementsUi()[pri:0, instance:com.mycompany.app.AppiumTest@2ed94a8b]" name="mobelementsUi" duration-ms="0" started-at="2018-02-07T18:27:49Z" finished-at="2018-02-07T18:27:49Z">
          <reporter-output>
          </reporter-output>
        </test-method> <!-- mobelementsUi -->
      </class> <!-- com.mycompany.app.AppiumTest -->
    </test> <!-- Test -->
  </suite> <!-- Suite -->
</testng-results>
